Mono path[0] = 'F:/SteamLibrary/steamapps/common/Valheim/valheim_Data/Managed'
Mono config path = 'F:/SteamLibrary/steamapps/common/Valheim/MonoBleedingEdge/etc'
Initialize engine version: 2019.4.16f1 (e05b6e02d63e)
[Subsystems] Discovering subsystems at path F:/SteamLibrary/steamapps/common/Valheim/valheim_Data/UnitySubsystems
GfxDevice: creating device client; threaded=1
Direct3D:
    Version:  Direct3D 11.0 [level 11.1]
    Renderer: NVIDIA GeForce RTX 2080 Ti (ID=0x1e07)
    Vendor:   
    VRAM:     11048 MB
    Driver:   27.21.14.6079
Begin MonoManager ReloadAssembly
- Completed reload, in  0.082 seconds
D3D11 device created for Microsoft Media Foundation video decoding.
<RI> Initializing input.
<RI> Input initialized.
<RI> Initialized touch support.
UnloadTime: 5.658200 ms
02/15/2021 21:45:44: Starting to load scene:start
 
(Filename: C:\buildslave\unity\build\Runtime/Export/Debug/Debug.bindings.h Line: 35)

Couldn't create a Convex Mesh from source mesh "RearBig" within the maximum polygons limit (256). The partial hull will be used. Consider simplifying your mesh. 
(Filename:  Line: 91)

Unloading 6 Unused Serialized files (Serialized files now loaded: 0)
Setting up 4 worker threads for Enlighten.
  Thread -> id: 10a038 -> priority: 1 
  Thread -> id: 100cb8 -> priority: 1 
  Thread -> id: 109694 -> priority: 1 
  Thread -> id: 109f7c -> priority: 1 
UnloadTime: 20.791200 ms
Only custom filters can be played. Please add a custom filter or an audioclip to the audiosource (Amb_MainMenu). 
(Filename:  Line: 509)

Initializing Google Analytics 0.2. 
(Filename: C:\buildslave\unity\build\Runtime/Export/Debug/Debug.bindings.h Line: 35)

02/15/2021 21:45:54: Initializing world generator seed: ( 0 )   menu:True  worldgen version:1
 
(Filename: C:\buildslave\unity\build\Runtime/Export/Debug/Debug.bindings.h Line: 35)

02/15/2021 21:45:54: Using mountain distance: 1000
 
(Filename: C:\buildslave\unity\build\Runtime/Export/Debug/Debug.bindings.h Line: 35)

02/15/2021 21:45:54: Render threading mode:MultiThreaded
 
(Filename: C:\buildslave\unity\build\Runtime/Export/Debug/Debug.bindings.h Line: 35)

02/15/2021 21:45:54: Using environment steamid 892970
 
(Filename: C:\buildslave\unity\build\Runtime/Export/Debug/Debug.bindings.h Line: 35)

02/15/2021 21:45:54: Using steam APPID:892970
 
(Filename: C:\buildslave\unity\build\Runtime/Export/Debug/Debug.bindings.h Line: 35)

02/15/2021 21:45:54: Steam initialized, persona:Ravonus
 
(Filename: C:\buildslave\unity\build\Runtime/Export/Debug/Debug.bindings.h Line: 35)

02/15/2021 21:45:54: Missing audio clip in music respawn
 
(Filename: C:\buildslave\unity\build\Runtime/Export/Debug/Debug.bindings.h Line: 35)

02/15/2021 21:45:54: Checking for installed DLCs
 
(Filename: C:\buildslave\unity\build\Runtime/Export/Debug/Debug.bindings.h Line: 35)

02/15/2021 21:45:54: DLC:beta installed:False
 
(Filename: C:\buildslave\unity\build\Runtime/Export/Debug/Debug.bindings.h Line: 35)

02/15/2021 21:45:54: Builder started
 
(Filename: C:\buildslave\unity\build\Runtime/Export/Debug/Debug.bindings.h Line: 35)

02/15/2021 21:45:55: Loaded localization English
 
(Filename: C:\buildslave\unity\build\Runtime/Export/Debug/Debug.bindings.h Line: 35)

02/15/2021 21:45:55: Loaded localization English
 
(Filename: C:\buildslave\unity\build\Runtime/Export/Debug/Debug.bindings.h Line: 35)

02/15/2021 21:45:55: ARG 0 F:\SteamLibrary\steamapps\common\Valheim\valheim.exe
 
(Filename: C:\buildslave\unity\build\Runtime/Export/Debug/Debug.bindings.h Line: 35)

02/15/2021 21:45:55: loading bjørn
 
(Filename: C:\buildslave\unity\build\Runtime/Export/Debug/Debug.bindings.h Line: 35)

02/15/2021 21:45:55: Data size:4199170  hash size:64
 
(Filename: C:\buildslave\unity\build\Runtime/Export/Debug/Debug.bindings.h Line: 35)

02/15/2021 21:45:55: loading tuvok
 
(Filename: C:\buildslave\unity\build\Runtime/Export/Debug/Debug.bindings.h Line: 35)

02/15/2021 21:45:55: Data size:252  hash size:64
 
(Filename: C:\buildslave\unity\build\Runtime/Export/Debug/Debug.bindings.h Line: 35)


Unloading 17 unused Assets to reduce memory usage. Loaded Objects now: 87690.
Total: 49.967900 ms (FindLiveObjects: 2.950500 ms CreateObjectMapping: 6.823900 ms MarkObjects: 39.311900 ms  DeleteObjects: 0.881400 ms)

02/15/2021 21:45:57: UI Group status changed Menu = True
 
(Filename: C:\buildslave\unity\build\Runtime/Export/Debug/Debug.bindings.h Line: 35)

02/15/2021 21:46:03: show character selection
 
(Filename: C:\buildslave\unity\build\Runtime/Export/Debug/Debug.bindings.h Line: 35)

02/15/2021 21:46:05: OnCharacterStart
 
(Filename: C:\buildslave\unity\build\Runtime/Export/Debug/Debug.bindings.h Line: 35)

02/15/2021 21:46:05: UI Group status changed Panel = False
 
(Filename: C:\buildslave\unity\build\Runtime/Export/Debug/Debug.bindings.h Line: 35)

02/15/2021 21:46:08: UI Group status changed Panel = True
 
(Filename: C:\buildslave\unity\build\Runtime/Export/Debug/Debug.bindings.h Line: 35)

02/15/2021 21:47:07: show character selection
 
(Filename: C:\buildslave\unity\build\Runtime/Export/Debug/Debug.bindings.h Line: 35)

02/15/2021 21:47:07: UI Group status changed SelectCharacter = True
 
(Filename: C:\buildslave\unity\build\Runtime/Export/Debug/Debug.bindings.h Line: 35)

02/15/2021 21:48:17: OnCharacterStart
 
(Filename: C:\buildslave\unity\build\Runtime/Export/Debug/Debug.bindings.h Line: 35)

02/15/2021 21:48:17: UI Group status changed panel = True
 
(Filename: C:\buildslave\unity\build\Runtime/Export/Debug/Debug.bindings.h Line: 35)

02/15/2021 21:48:19: UI Group status changed Panel = True
 
(Filename: C:\buildslave\unity\build\Runtime/Export/Debug/Debug.bindings.h Line: 35)

02/15/2021 21:48:21: show character selection
 
(Filename: C:\buildslave\unity\build\Runtime/Export/Debug/Debug.bindings.h Line: 35)

02/15/2021 21:48:21: UI Group status changed SelectCharacter = True
 
(Filename: C:\buildslave\unity\build\Runtime/Export/Debug/Debug.bindings.h Line: 35)

02/15/2021 21:48:44: Refresh complete 1383  eServerResponded
 
(Filename: C:\buildslave\unity\build\Runtime/Export/Debug/Debug.bindings.h Line: 35)

02/15/2021 22:43:23: UI Group status changed Menu = True
 
(Filename: C:\buildslave\unity\build\Runtime/Export/Debug/Debug.bindings.h Line: 35)

02/15/2021 22:43:28: show character selection
 
(Filename: C:\buildslave\unity\build\Runtime/Export/Debug/Debug.bindings.h Line: 35)

02/15/2021 22:43:28: UI Group status changed SelectCharacter = True
 
(Filename: C:\buildslave\unity\build\Runtime/Export/Debug/Debug.bindings.h Line: 35)

02/15/2021 22:43:29: OnCharacterStart
 
(Filename: C:\buildslave\unity\build\Runtime/Export/Debug/Debug.bindings.h Line: 35)

02/15/2021 22:43:30: UI Group status changed panel = True
 
(Filename: C:\buildslave\unity\build\Runtime/Export/Debug/Debug.bindings.h Line: 35)

02/15/2021 22:43:31: UI Group status changed Panel = True
 
(Filename: C:\buildslave\unity\build\Runtime/Export/Debug/Debug.bindings.h Line: 35)

